<?xml version="1.0" encoding="UTF-8"?>
<!-- Generated by org.testng.reporters.JUnitReportReporter -->
<testsuite hostname="ethi.local" failures="0" tests="3" name="NewThings.serviceLearn" time="9.759" errors="0" timestamp="15 Nov 2018 07:13:38 GMT" skipped="0">
  <testcase classname="NewThings.serviceLearn" name="VerifyPutResponse" time="3.159"/>
  <testcase classname="NewThings.serviceLearn" name="VerifyReportResponse" time="2.726"/>
  <testcase classname="NewThings.serviceLearn" name="RegistrationSuccessful" time="3.874"/>
</testsuite> <!-- NewThings.serviceLearn -->
