<?xml version="1.0" encoding="UTF-8"?>
<!-- Generated by org.testng.reporters.JUnitReportReporter -->
<testsuite hostname="ethi.local" failures="0" tests="1" name="NewLearn.Second" time="11.941" errors="0" timestamp="18 Sep 2018 07:49:13 GMT" skipped="0">
  <testcase classname="NewLearn.Second" name="f" time="11.941"/>
</testsuite> <!-- NewLearn.Second -->
